<?xml version="1.0" encoding="UTF-8"?>

<!--
  ~ Copyright 2018 Nathaniel Stickney
  ~
  ~ Permission is hereby granted, free of charge, to any person obtaining a copy of this software and associated documentation files (the "Software"), to deal in the Software without restriction, including without limitation the rights to use, copy, modify, merge, publish, distribute, sublicense, and/or sell copies of the Software, and to permit persons to whom the Software is furnished to do so, subject to the following conditions:
  ~
  ~ The above copyright notice and this permission notice shall be included in all copies or substantial portions of the Software.
  ~
  ~ THE SOFTWARE IS PROVIDED "AS IS", WITHOUT WARRANTY OF ANY KIND, EXPRESS OR IMPLIED, INCLUDING BUT NOT LIMITED TO THE WARRANTIES OF MERCHANTABILITY, FITNESS FOR A PARTICULAR PURPOSE AND NONINFRINGEMENT. IN NO EVENT SHALL THE AUTHORS OR COPYRIGHT HOLDERS BE LIABLE FOR ANY CLAIM, DAMAGES OR OTHER LIABILITY, WHETHER IN AN ACTION OF CONTRACT, TORT OR OTHERWISE, ARISING FROM, OUT OF OR IN CONNECTION WITH THE SOFTWARE OR THE USE OR OTHER DEALINGS IN THE SOFTWARE.
  -->

<persistence xmlns:xsi="http://www.w3.org/2001/XMLSchema-instance"
             version="2.1" xmlns="http://xmlns.jcp.org/xml/ns/persistence"
             xsi:schemaLocation="
        http://xmlns.jcp.org/xml/ns/persistence
        http://xmlns.jcp.org/xml/ns/persistence/persistence_2_1.xsd">
    <persistence-unit name="primary">
        <!-- We use a different datasource for tests, so as to not overwrite
           production data. This is an unmanaged data source, backed by H2, an in memory
           database. Production applications should use a managed datasource. -->
        <!-- The datasource is deployed as WEB-INF/test-ds.xml,
           you can find it in the source at src/test/resources/test-ds.xml -->
        <jta-data-source>java:jboss/datasources/beanpollTestDS</jta-data-source>
        <properties>
            <!-- Properties for Hibernate -->
            <property name="hibernate.hbm2ddl.auto" value="create-drop"/>
            <property name="hibernate.show_sql" value="false"/>
            <property name="hibernate.enable_lazy_load_no_trans" value="true"/>
        </properties>
    </persistence-unit>
</persistence>
